Started GET "/" for ::1 at 2019-08-08 11:42:10 -0700
DEPRECATION WARNING: ActiveRecord::Base.raise_in_transactional_callbacks= is deprecated, has no effect and will be removed without replacement. (called from block (3 levels) in <class:Railtie> at /Users/maryliang/.rvm/gems/ruby-2.5.1/gems/activerecord-5.0.7.2/lib/active_record/railtie.rb:113)
Processing by StaticPagesController#index as HTML
  Rendering static_pages/index.html.erb within layouts/application
  Rendered shared/_main_nav.html.erb (0.3ms)
  Rendered shared/_masthead.html.erb (0.5ms)
  Rendered shared/_sections_nav.html.erb (0.3ms)
  Rendered shared/_search_modal.html.erb (0.2ms)
  Rendered shared/_main_content.html.erb (0.2ms)
  Rendered static_pages/index.html.erb within layouts/application (7.9ms)
Completed 200 OK in 595ms (Views: 592.3ms | ActiveRecord: 0.0ms)


Started GET "/assets/application.self-93ee01ba18b13cba20c8b84e799b2ebfadb65dc00d60a05bf9d392baf38d4f20.css?body=1" for ::1 at 2019-08-08 11:42:11 -0700
Started GET "/assets/jquery.self-bd7ddd393353a8d2480a622e80342adf488fb6006d667e8b42e4c0073393abee.js?body=1" for ::1 at 2019-08-08 11:42:11 -0700
Started GET "/assets/components/dropdown.self-815016af6fab1d5b72abd319213bf62f0c42bab2c585d2e059543ae704a0d74c.js?body=1" for ::1 at 2019-08-08 11:42:11 -0700
Started GET "/assets/jquery_ujs.self-784a997f6726036b1993eb2217c9cb558e1cbb801c6da88105588c56f13b466a.js?body=1" for ::1 at 2019-08-08 11:42:11 -0700
Started GET "/assets/application.self-f571b9db02bf4ed04c38a6a29072ac382f7d4f47db1fab9817aeadb0d8665235.js?body=1" for ::1 at 2019-08-08 11:42:11 -0700
Started GET "/assets/components/modal.self-52188644dbb47def5ee35ae02e69eb567ca9b664472357a8a5789dd39032a265.js?body=1" for ::1 at 2019-08-08 11:42:11 -0700
Started GET "/assets/components/sidebar.self-2a1277f850a6fa21e1a974ef5152f177ac05516477d5081d593bb137b3d6808b.js?body=1" for ::1 at 2019-08-08 11:42:11 -0700
Started GET "/assets/application.self-93ee01ba18b13cba20c8b84e799b2ebfadb65dc00d60a05bf9d392baf38d4f20.css?body=1&livereload=1565290715324" for ::1 at 2019-08-08 11:58:35 -0700
Started GET "/assets/application.self-93ee01ba18b13cba20c8b84e799b2ebfadb65dc00d60a05bf9d392baf38d4f20.css?body=1&livereload=1565290715327" for ::1 at 2019-08-08 11:58:35 -0700
Started GET "/" for ::1 at 2019-08-08 11:58:36 -0700
Processing by StaticPagesController#index as HTML
  Rendering static_pages/index.html.erb within layouts/application
  Rendered shared/_main_nav.html.erb (0.2ms)
  Rendered shared/_masthead.html.erb (15.6ms)
  Rendered shared/_sections_nav.html.erb (0.4ms)
  Rendered shared/_search_modal.html.erb (0.3ms)
  Rendered shared/_main_content.html.erb (0.3ms)
  Rendered static_pages/index.html.erb within layouts/application (23.7ms)
Completed 200 OK in 47ms (Views: 45.9ms | ActiveRecord: 0.0ms)


Started GET "/assets/application.self-569300d2090e768d0192eda99c4acd53574d7174c8e15fdbefbe35b8648d5d9b.css?body=1" for ::1 at 2019-08-08 11:58:36 -0700
Started GET "/" for ::1 at 2019-08-08 12:07:00 -0700
Processing by StaticPagesController#index as HTML
  Rendering static_pages/index.html.erb within layouts/application
  Rendered shared/_main_nav.html.erb (0.4ms)
  Rendered shared/_masthead.html.erb (0.8ms)
  Rendered shared/_sections_nav.html.erb (0.5ms)
  Rendered shared/_search_modal.html.erb (0.3ms)
  Rendered shared/_main_content.html.erb (0.3ms)
  Rendered static_pages/index.html.erb within layouts/application (8.7ms)
Completed 200 OK in 26ms (Views: 24.7ms | ActiveRecord: 0.0ms)


Started GET "/" for ::1 at 2019-08-08 12:07:07 -0700
Processing by StaticPagesController#index as HTML
  Rendering static_pages/index.html.erb within layouts/application
  Rendered shared/_main_nav.html.erb (0.3ms)
  Rendered shared/_masthead.html.erb (0.4ms)
  Rendered shared/_sections_nav.html.erb (0.3ms)
  Rendered shared/_search_modal.html.erb (0.3ms)
  Rendered shared/_main_content.html.erb (0.4ms)
  Rendered static_pages/index.html.erb within layouts/application (6.9ms)
Completed 200 OK in 20ms (Views: 18.5ms | ActiveRecord: 0.0ms)


Started GET "/" for ::1 at 2019-08-08 12:09:41 -0700
Processing by StaticPagesController#index as HTML
  Rendering static_pages/index.html.erb within layouts/application
  Rendered shared/_main_nav.html.erb (0.3ms)
  Rendered shared/_masthead.html.erb (0.4ms)
  Rendered shared/_sections_nav.html.erb (0.4ms)
  Rendered shared/_search_modal.html.erb (0.3ms)
  Rendered shared/_main_content.html.erb (0.2ms)
  Rendered static_pages/index.html.erb within layouts/application (6.5ms)
Completed 200 OK in 33ms (Views: 31.4ms | ActiveRecord: 0.0ms)


Started GET "/" for ::1 at 2019-08-08 12:10:03 -0700
Processing by StaticPagesController#index as HTML
  Rendering static_pages/index.html.erb within layouts/application
  Rendered shared/_main_nav.html.erb (0.8ms)
  Rendered shared/_masthead.html.erb (0.3ms)
  Rendered shared/_sections_nav.html.erb (0.5ms)
  Rendered shared/_search_modal.html.erb (0.2ms)
  Rendered shared/_main_content.html.erb (0.3ms)
  Rendered static_pages/index.html.erb within layouts/application (7.2ms)
Completed 200 OK in 50ms (Views: 49.3ms | ActiveRecord: 0.0ms)


Started GET "/" for ::1 at 2019-08-08 12:10:04 -0700
Processing by StaticPagesController#index as HTML
  Rendering static_pages/index.html.erb within layouts/application
  Rendered shared/_main_nav.html.erb (0.2ms)
  Rendered shared/_masthead.html.erb (0.2ms)
  Rendered shared/_sections_nav.html.erb (0.8ms)
  Rendered shared/_search_modal.html.erb (0.2ms)
  Rendered shared/_main_content.html.erb (0.2ms)
  Rendered static_pages/index.html.erb within layouts/application (5.3ms)
Completed 200 OK in 25ms (Views: 23.1ms | ActiveRecord: 0.0ms)


Started GET "/assets/application.self-569300d2090e768d0192eda99c4acd53574d7174c8e15fdbefbe35b8648d5d9b.css?body=1&livereload=1565291418050" for ::1 at 2019-08-08 12:10:18 -0700
Started GET "/assets/application.self-569300d2090e768d0192eda99c4acd53574d7174c8e15fdbefbe35b8648d5d9b.css?body=1&livereload=1565291418052" for ::1 at 2019-08-08 12:10:18 -0700
Started GET "/assets/application.self-569300d2090e768d0192eda99c4acd53574d7174c8e15fdbefbe35b8648d5d9b.css?body=1&livereload=1565291423347" for ::1 at 2019-08-08 12:10:23 -0700
Started GET "/assets/application.self-569300d2090e768d0192eda99c4acd53574d7174c8e15fdbefbe35b8648d5d9b.css?body=1&livereload=1565291423349" for ::1 at 2019-08-08 12:10:23 -0700
Started GET "/assets/application.self-569300d2090e768d0192eda99c4acd53574d7174c8e15fdbefbe35b8648d5d9b.css?body=1&livereload=1565291427070" for ::1 at 2019-08-08 12:10:27 -0700
Started GET "/assets/application.self-569300d2090e768d0192eda99c4acd53574d7174c8e15fdbefbe35b8648d5d9b.css?body=1&livereload=1565291427070&livereload=1565291427070" for ::1 at 2019-08-08 12:10:27 -0700
Started GET "/assets/application.self-569300d2090e768d0192eda99c4acd53574d7174c8e15fdbefbe35b8648d5d9b.css?body=1&livereload=1565291581022&livereload=1565291427070" for ::1 at 2019-08-08 12:13:01 -0700
Started GET "/assets/application.self-569300d2090e768d0192eda99c4acd53574d7174c8e15fdbefbe35b8648d5d9b.css?body=1&livereload=1565291581024&livereload=1565291427070" for ::1 at 2019-08-08 12:13:01 -0700
Started GET "/assets/application.self-569300d2090e768d0192eda99c4acd53574d7174c8e15fdbefbe35b8648d5d9b.css?body=1&livereload=1565291621457&livereload=1565291427070" for ::1 at 2019-08-08 12:13:41 -0700
Started GET "/assets/application.self-569300d2090e768d0192eda99c4acd53574d7174c8e15fdbefbe35b8648d5d9b.css?body=1&livereload=1565291621458&livereload=1565291427070" for ::1 at 2019-08-08 12:13:41 -0700
Started GET "/assets/application.self-569300d2090e768d0192eda99c4acd53574d7174c8e15fdbefbe35b8648d5d9b.css?body=1&livereload=1565291669396&livereload=1565291427070" for ::1 at 2019-08-08 12:14:29 -0700
Started GET "/assets/application.self-569300d2090e768d0192eda99c4acd53574d7174c8e15fdbefbe35b8648d5d9b.css?body=1&livereload=1565291669398&livereload=1565291427070" for ::1 at 2019-08-08 12:14:29 -0700
Started GET "/" for ::1 at 2019-08-08 12:14:31 -0700
Processing by StaticPagesController#index as HTML
  Rendering static_pages/index.html.erb within layouts/application
  Rendered shared/_main_nav.html.erb (0.2ms)
  Rendered shared/_masthead.html.erb (0.2ms)
  Rendered shared/_sections_nav.html.erb (0.3ms)
  Rendered shared/_search_modal.html.erb (0.4ms)
  Rendered shared/_main_content.html.erb (0.5ms)
  Rendered static_pages/index.html.erb within layouts/application (5.6ms)
Completed 200 OK in 32ms (Views: 31.2ms | ActiveRecord: 0.0ms)


Started GET "/assets/application.self-6fe51bf5821fd2529de549f2abf8ca1f4b3ba00ea1aba672c037d4eead5170df.css?body=1" for ::1 at 2019-08-08 12:14:31 -0700
Started GET "/assets/application.self-6fe51bf5821fd2529de549f2abf8ca1f4b3ba00ea1aba672c037d4eead5170df.css?body=1&livereload=1565291677368" for ::1 at 2019-08-08 12:14:37 -0700
Started GET "/assets/application.self-6fe51bf5821fd2529de549f2abf8ca1f4b3ba00ea1aba672c037d4eead5170df.css?body=1&livereload=1565291677369" for ::1 at 2019-08-08 12:14:37 -0700
Started GET "/assets/application.self-6fe51bf5821fd2529de549f2abf8ca1f4b3ba00ea1aba672c037d4eead5170df.css?body=1&livereload=1565291808123" for ::1 at 2019-08-08 12:16:48 -0700
Started GET "/assets/application.self-6fe51bf5821fd2529de549f2abf8ca1f4b3ba00ea1aba672c037d4eead5170df.css?body=1&livereload=1565291808125" for ::1 at 2019-08-08 12:16:48 -0700
Started GET "/assets/application.self-6fe51bf5821fd2529de549f2abf8ca1f4b3ba00ea1aba672c037d4eead5170df.css?body=1&livereload=1565291867809" for ::1 at 2019-08-08 12:17:47 -0700
Started GET "/assets/application.self-6fe51bf5821fd2529de549f2abf8ca1f4b3ba00ea1aba672c037d4eead5170df.css?body=1&livereload=1565291867811" for ::1 at 2019-08-08 12:17:47 -0700
Started GET "/assets/application.self-6fe51bf5821fd2529de549f2abf8ca1f4b3ba00ea1aba672c037d4eead5170df.css?body=1&livereload=1565291893069" for ::1 at 2019-08-08 12:18:13 -0700
Started GET "/assets/application.self-6fe51bf5821fd2529de549f2abf8ca1f4b3ba00ea1aba672c037d4eead5170df.css?body=1&livereload=1565291893070" for ::1 at 2019-08-08 12:18:13 -0700
Started GET "/assets/application.self-6fe51bf5821fd2529de549f2abf8ca1f4b3ba00ea1aba672c037d4eead5170df.css?body=1&livereload=1565292390035" for ::1 at 2019-08-08 12:26:30 -0700
Started GET "/assets/application.self-6fe51bf5821fd2529de549f2abf8ca1f4b3ba00ea1aba672c037d4eead5170df.css?body=1&livereload=1565292390037" for ::1 at 2019-08-08 12:26:30 -0700
Started GET "/assets/application.self-6fe51bf5821fd2529de549f2abf8ca1f4b3ba00ea1aba672c037d4eead5170df.css?body=1&livereload=1565292463696" for ::1 at 2019-08-08 12:27:43 -0700
Started GET "/assets/application.self-6fe51bf5821fd2529de549f2abf8ca1f4b3ba00ea1aba672c037d4eead5170df.css?body=1&livereload=1565292463698" for ::1 at 2019-08-08 12:27:43 -0700
Started GET "/assets/application.self-6fe51bf5821fd2529de549f2abf8ca1f4b3ba00ea1aba672c037d4eead5170df.css?body=1&livereload=1565292469172" for ::1 at 2019-08-08 12:27:49 -0700
Started GET "/assets/application.self-6fe51bf5821fd2529de549f2abf8ca1f4b3ba00ea1aba672c037d4eead5170df.css?body=1&livereload=1565292469175" for ::1 at 2019-08-08 12:27:49 -0700
Started GET "/assets/application.self-6fe51bf5821fd2529de549f2abf8ca1f4b3ba00ea1aba672c037d4eead5170df.css?body=1&livereload=1565292502550" for ::1 at 2019-08-08 12:28:22 -0700
Started GET "/assets/application.self-6fe51bf5821fd2529de549f2abf8ca1f4b3ba00ea1aba672c037d4eead5170df.css?body=1&livereload=1565292502552" for ::1 at 2019-08-08 12:28:22 -0700
Started GET "/assets/application.self-6fe51bf5821fd2529de549f2abf8ca1f4b3ba00ea1aba672c037d4eead5170df.css?body=1&livereload=1565292508638" for ::1 at 2019-08-08 12:28:28 -0700
Started GET "/assets/application.self-6fe51bf5821fd2529de549f2abf8ca1f4b3ba00ea1aba672c037d4eead5170df.css?body=1&livereload=1565292508640" for ::1 at 2019-08-08 12:28:28 -0700
Started GET "/assets/application.self-6fe51bf5821fd2529de549f2abf8ca1f4b3ba00ea1aba672c037d4eead5170df.css?body=1&livereload=1565292522748" for ::1 at 2019-08-08 12:28:42 -0700
Started GET "/assets/application.self-6fe51bf5821fd2529de549f2abf8ca1f4b3ba00ea1aba672c037d4eead5170df.css?body=1&livereload=1565292522750" for ::1 at 2019-08-08 12:28:42 -0700
Started GET "/assets/application.self-6fe51bf5821fd2529de549f2abf8ca1f4b3ba00ea1aba672c037d4eead5170df.css?body=1&livereload=1565292559592" for ::1 at 2019-08-08 12:29:19 -0700
Started GET "/assets/application.self-6fe51bf5821fd2529de549f2abf8ca1f4b3ba00ea1aba672c037d4eead5170df.css?body=1&livereload=1565292559593" for ::1 at 2019-08-08 12:29:19 -0700
Started GET "/assets/application.self-6fe51bf5821fd2529de549f2abf8ca1f4b3ba00ea1aba672c037d4eead5170df.css?body=1&livereload=1565292564898" for ::1 at 2019-08-08 12:29:24 -0700
Started GET "/assets/application.self-6fe51bf5821fd2529de549f2abf8ca1f4b3ba00ea1aba672c037d4eead5170df.css?body=1&livereload=1565292564897" for ::1 at 2019-08-08 12:29:24 -0700
Started GET "/assets/application.self-6fe51bf5821fd2529de549f2abf8ca1f4b3ba00ea1aba672c037d4eead5170df.css?body=1&livereload=1565292572130" for ::1 at 2019-08-08 12:29:32 -0700
Started GET "/assets/application.self-6fe51bf5821fd2529de549f2abf8ca1f4b3ba00ea1aba672c037d4eead5170df.css?body=1&livereload=1565292572131" for ::1 at 2019-08-08 12:29:32 -0700
Started GET "/" for ::1 at 2019-08-08 12:32:18 -0700
Processing by StaticPagesController#index as HTML
  Rendering static_pages/index.html.erb within layouts/application
  Rendered shared/_main_nav.html.erb (1.2ms)
  Rendered shared/_masthead.html.erb (0.4ms)
  Rendered shared/_sections_nav.html.erb (0.6ms)
  Rendered shared/_search_modal.html.erb (0.4ms)
  Rendered shared/_main_content.html.erb (0.4ms)
  Rendered static_pages/index.html.erb within layouts/application (19.5ms)
Completed 200 OK in 47ms (Views: 45.6ms | ActiveRecord: 0.0ms)


Started GET "/assets/application.self-acbd9af76a56dabcfae22b31e923d59ba87508263758f953e35257db0432bfe4.css?body=1" for ::1 at 2019-08-08 12:32:18 -0700
Started GET "/assets/application.self-acbd9af76a56dabcfae22b31e923d59ba87508263758f953e35257db0432bfe4.css?body=1&livereload=1565292758173" for ::1 at 2019-08-08 12:32:38 -0700
Started GET "/assets/application.self-acbd9af76a56dabcfae22b31e923d59ba87508263758f953e35257db0432bfe4.css?body=1&livereload=1565292758178" for ::1 at 2019-08-08 12:32:38 -0700
Started GET "/assets/application.self-acbd9af76a56dabcfae22b31e923d59ba87508263758f953e35257db0432bfe4.css?body=1&livereload=1565292788566" for ::1 at 2019-08-08 12:33:08 -0700
Started GET "/assets/application.self-acbd9af76a56dabcfae22b31e923d59ba87508263758f953e35257db0432bfe4.css?body=1&livereload=1565292788569" for ::1 at 2019-08-08 12:33:08 -0700
Started GET "/assets/application.self-acbd9af76a56dabcfae22b31e923d59ba87508263758f953e35257db0432bfe4.css?body=1&livereload=1565292794128" for ::1 at 2019-08-08 12:33:14 -0700
Started GET "/assets/application.self-acbd9af76a56dabcfae22b31e923d59ba87508263758f953e35257db0432bfe4.css?body=1&livereload=1565292794131" for ::1 at 2019-08-08 12:33:14 -0700
Started GET "/assets/application.self-acbd9af76a56dabcfae22b31e923d59ba87508263758f953e35257db0432bfe4.css?body=1&livereload=1565292801653" for ::1 at 2019-08-08 12:33:21 -0700
Started GET "/assets/application.self-acbd9af76a56dabcfae22b31e923d59ba87508263758f953e35257db0432bfe4.css?body=1&livereload=1565292801654" for ::1 at 2019-08-08 12:33:21 -0700
Started GET "/assets/application.self-acbd9af76a56dabcfae22b31e923d59ba87508263758f953e35257db0432bfe4.css?body=1&livereload=1565292876977" for ::1 at 2019-08-08 12:34:36 -0700
Started GET "/assets/application.self-acbd9af76a56dabcfae22b31e923d59ba87508263758f953e35257db0432bfe4.css?body=1&livereload=1565292876978" for ::1 at 2019-08-08 12:34:36 -0700
Started GET "/assets/application.self-acbd9af76a56dabcfae22b31e923d59ba87508263758f953e35257db0432bfe4.css?body=1&livereload=1565292891114" for ::1 at 2019-08-08 12:34:51 -0700
Started GET "/assets/application.self-acbd9af76a56dabcfae22b31e923d59ba87508263758f953e35257db0432bfe4.css?body=1&livereload=1565292891116" for ::1 at 2019-08-08 12:34:51 -0700
Started GET "/assets/application.self-acbd9af76a56dabcfae22b31e923d59ba87508263758f953e35257db0432bfe4.css?body=1&livereload=1565292912789" for ::1 at 2019-08-08 12:35:12 -0700
Started GET "/assets/application.self-acbd9af76a56dabcfae22b31e923d59ba87508263758f953e35257db0432bfe4.css?body=1&livereload=1565292912791" for ::1 at 2019-08-08 12:35:12 -0700
Started GET "/assets/application.self-acbd9af76a56dabcfae22b31e923d59ba87508263758f953e35257db0432bfe4.css?body=1&livereload=1565292918432" for ::1 at 2019-08-08 12:35:18 -0700
Started GET "/assets/application.self-acbd9af76a56dabcfae22b31e923d59ba87508263758f953e35257db0432bfe4.css?body=1&livereload=1565292918434" for ::1 at 2019-08-08 12:35:18 -0700
Started GET "/assets/application.self-acbd9af76a56dabcfae22b31e923d59ba87508263758f953e35257db0432bfe4.css?body=1&livereload=1565292927062" for ::1 at 2019-08-08 12:35:27 -0700
Started GET "/assets/application.self-acbd9af76a56dabcfae22b31e923d59ba87508263758f953e35257db0432bfe4.css?body=1&livereload=1565292927063" for ::1 at 2019-08-08 12:35:27 -0700
Started GET "/assets/application.self-acbd9af76a56dabcfae22b31e923d59ba87508263758f953e35257db0432bfe4.css?body=1&livereload=1565292953926" for ::1 at 2019-08-08 12:35:53 -0700
Started GET "/assets/application.self-acbd9af76a56dabcfae22b31e923d59ba87508263758f953e35257db0432bfe4.css?body=1&livereload=1565292953928" for ::1 at 2019-08-08 12:35:53 -0700
Started GET "/assets/application.self-acbd9af76a56dabcfae22b31e923d59ba87508263758f953e35257db0432bfe4.css?body=1&livereload=1565292966052" for ::1 at 2019-08-08 12:36:06 -0700
Started GET "/assets/application.self-acbd9af76a56dabcfae22b31e923d59ba87508263758f953e35257db0432bfe4.css?body=1&livereload=1565292966053" for ::1 at 2019-08-08 12:36:06 -0700
Started GET "/assets/application.self-acbd9af76a56dabcfae22b31e923d59ba87508263758f953e35257db0432bfe4.css?body=1&livereload=1565293056419" for ::1 at 2019-08-08 12:37:36 -0700
Started GET "/assets/application.self-acbd9af76a56dabcfae22b31e923d59ba87508263758f953e35257db0432bfe4.css?body=1&livereload=1565293056421" for ::1 at 2019-08-08 12:37:36 -0700
Started GET "/assets/application.self-acbd9af76a56dabcfae22b31e923d59ba87508263758f953e35257db0432bfe4.css?body=1&livereload=1565293071038" for ::1 at 2019-08-08 12:37:51 -0700
Started GET "/assets/application.self-acbd9af76a56dabcfae22b31e923d59ba87508263758f953e35257db0432bfe4.css?body=1&livereload=1565293071041" for ::1 at 2019-08-08 12:37:51 -0700
Started GET "/assets/application.self-acbd9af76a56dabcfae22b31e923d59ba87508263758f953e35257db0432bfe4.css?body=1&livereload=1565293694154" for ::1 at 2019-08-08 12:48:14 -0700
Started GET "/assets/application.self-acbd9af76a56dabcfae22b31e923d59ba87508263758f953e35257db0432bfe4.css?body=1&livereload=1565293694157" for ::1 at 2019-08-08 12:48:14 -0700
Started GET "/assets/application.self-acbd9af76a56dabcfae22b31e923d59ba87508263758f953e35257db0432bfe4.css?body=1&livereload=1565293756978" for ::1 at 2019-08-08 12:49:16 -0700
Started GET "/assets/application.self-acbd9af76a56dabcfae22b31e923d59ba87508263758f953e35257db0432bfe4.css?body=1&livereload=1565293756981" for ::1 at 2019-08-08 12:49:17 -0700
Started GET "/assets/application.self-acbd9af76a56dabcfae22b31e923d59ba87508263758f953e35257db0432bfe4.css?body=1&livereload=1565294028441" for ::1 at 2019-08-08 12:53:48 -0700
Started GET "/assets/application.self-acbd9af76a56dabcfae22b31e923d59ba87508263758f953e35257db0432bfe4.css?body=1&livereload=1565294028443" for ::1 at 2019-08-08 12:53:48 -0700
Started GET "/assets/application.self-acbd9af76a56dabcfae22b31e923d59ba87508263758f953e35257db0432bfe4.css?body=1&livereload=1565294126303" for ::1 at 2019-08-08 12:55:26 -0700
Started GET "/assets/application.self-acbd9af76a56dabcfae22b31e923d59ba87508263758f953e35257db0432bfe4.css?body=1&livereload=1565294126305" for ::1 at 2019-08-08 12:55:26 -0700
Started GET "/assets/application.self-acbd9af76a56dabcfae22b31e923d59ba87508263758f953e35257db0432bfe4.css?body=1&livereload=1565294149531" for ::1 at 2019-08-08 12:55:49 -0700
Started GET "/assets/application.self-acbd9af76a56dabcfae22b31e923d59ba87508263758f953e35257db0432bfe4.css?body=1&livereload=1565294149534" for ::1 at 2019-08-08 12:55:49 -0700
Started GET "/assets/application.self-acbd9af76a56dabcfae22b31e923d59ba87508263758f953e35257db0432bfe4.css?body=1&livereload=1565294210107" for ::1 at 2019-08-08 12:56:50 -0700
Started GET "/assets/application.self-acbd9af76a56dabcfae22b31e923d59ba87508263758f953e35257db0432bfe4.css?body=1&livereload=1565294210105" for ::1 at 2019-08-08 12:56:50 -0700
Started GET "/assets/application.self-acbd9af76a56dabcfae22b31e923d59ba87508263758f953e35257db0432bfe4.css?body=1&livereload=1565294215119" for ::1 at 2019-08-08 12:56:55 -0700
Started GET "/assets/application.self-acbd9af76a56dabcfae22b31e923d59ba87508263758f953e35257db0432bfe4.css?body=1&livereload=1565294215123" for ::1 at 2019-08-08 12:56:55 -0700
Started GET "/assets/application.self-acbd9af76a56dabcfae22b31e923d59ba87508263758f953e35257db0432bfe4.css?body=1&livereload=1565294228279" for ::1 at 2019-08-08 12:57:08 -0700
Started GET "/assets/application.self-acbd9af76a56dabcfae22b31e923d59ba87508263758f953e35257db0432bfe4.css?body=1&livereload=1565294228280" for ::1 at 2019-08-08 12:57:08 -0700
Started GET "/assets/application.self-acbd9af76a56dabcfae22b31e923d59ba87508263758f953e35257db0432bfe4.css?body=1&livereload=1565294242904" for ::1 at 2019-08-08 12:57:22 -0700
Started GET "/assets/application.self-acbd9af76a56dabcfae22b31e923d59ba87508263758f953e35257db0432bfe4.css?body=1&livereload=1565294242906" for ::1 at 2019-08-08 12:57:22 -0700
Started GET "/assets/application.self-acbd9af76a56dabcfae22b31e923d59ba87508263758f953e35257db0432bfe4.css?body=1&livereload=1565294259042" for ::1 at 2019-08-08 12:57:39 -0700
Started GET "/assets/application.self-acbd9af76a56dabcfae22b31e923d59ba87508263758f953e35257db0432bfe4.css?body=1&livereload=1565294259040" for ::1 at 2019-08-08 12:57:39 -0700
Started GET "/" for ::1 at 2019-08-08 13:21:05 -0700
Processing by StaticPagesController#index as HTML
  Rendering static_pages/index.html.erb within layouts/application
  Rendered shared/_main_nav.html.erb (0.4ms)
  Rendered shared/_masthead.html.erb (0.6ms)
  Rendered shared/_sections_nav.html.erb (0.5ms)
  Rendered shared/_search_modal.html.erb (0.4ms)
  Rendered shared/_main_content.html.erb (0.2ms)
  Rendered static_pages/index.html.erb within layouts/application (7.2ms)
Started GET "/" for ::1 at 2019-08-08 13:21:05 -0700
Processing by StaticPagesController#index as HTML
  Rendering static_pages/index.html.erb within layouts/application
  Rendered shared/_main_nav.html.erb (0.5ms)
  Rendered shared/_masthead.html.erb (0.2ms)
  Rendered shared/_sections_nav.html.erb (0.2ms)
Completed 200 OK in 61ms (Views: 60.1ms | ActiveRecord: 0.0ms)


  Rendered shared/_search_modal.html.erb (0.2ms)
  Rendered shared/_main_content.html.erb (0.2ms)
  Rendered static_pages/index.html.erb within layouts/application (10.6ms)
Completed 200 OK in 36ms (Views: 34.5ms | ActiveRecord: 0.0ms)


Started GET "/assets/application.self-6a3014c70cf56b5d1a278bcde393131000715b392580d55c038902e10b3e9735.css?body=1" for ::1 at 2019-08-08 13:21:05 -0700
Started GET "/assets/AA_Times_Logo.png" for ::1 at 2019-08-08 13:21:05 -0700
Started GET "/assets/application.self-6a3014c70cf56b5d1a278bcde393131000715b392580d55c038902e10b3e9735.css?body=1&livereload=1565295805556" for ::1 at 2019-08-08 13:23:25 -0700
Started GET "/assets/application.self-6a3014c70cf56b5d1a278bcde393131000715b392580d55c038902e10b3e9735.css?body=1&livereload=1565295805559" for ::1 at 2019-08-08 13:23:25 -0700
Started GET "/" for ::1 at 2019-08-08 13:23:28 -0700
Processing by StaticPagesController#index as HTML
  Rendering static_pages/index.html.erb within layouts/application
  Rendered shared/_main_nav.html.erb (0.3ms)
  Rendered shared/_masthead.html.erb (0.3ms)
  Rendered shared/_sections_nav.html.erb (0.3ms)
  Rendered shared/_search_modal.html.erb (0.3ms)
  Rendered shared/_main_content.html.erb (0.3ms)
  Rendered static_pages/index.html.erb within layouts/application (6.5ms)
Completed 200 OK in 31ms (Views: 29.8ms | ActiveRecord: 0.0ms)


Started GET "/assets/application.self-34afb37a2e6e5b7f4e2c2e9ffc08c06da86499c0255eabbcaf87a807ba6a94d7.css?body=1" for ::1 at 2019-08-08 13:23:28 -0700
Started GET "/assets/AA_Times_Logo.png" for ::1 at 2019-08-08 13:23:28 -0700
Started GET "/assets/application.self-34afb37a2e6e5b7f4e2c2e9ffc08c06da86499c0255eabbcaf87a807ba6a94d7.css?body=1&livereload=1565295891865" for ::1 at 2019-08-08 13:24:51 -0700
Started GET "/assets/application.self-34afb37a2e6e5b7f4e2c2e9ffc08c06da86499c0255eabbcaf87a807ba6a94d7.css?body=1&livereload=1565295891868" for ::1 at 2019-08-08 13:24:51 -0700
Started GET "/assets/application.self-34afb37a2e6e5b7f4e2c2e9ffc08c06da86499c0255eabbcaf87a807ba6a94d7.css?body=1&livereload=1565295965235" for ::1 at 2019-08-08 13:26:05 -0700
Started GET "/assets/application.self-34afb37a2e6e5b7f4e2c2e9ffc08c06da86499c0255eabbcaf87a807ba6a94d7.css?body=1&livereload=1565295965237" for ::1 at 2019-08-08 13:26:05 -0700
Started GET "/" for ::1 at 2019-08-08 13:27:52 -0700
Processing by StaticPagesController#index as HTML
  Rendering static_pages/index.html.erb within layouts/application
  Rendered shared/_main_nav.html.erb (0.3ms)
  Rendered shared/_masthead.html.erb (0.9ms)
  Rendered shared/_sections_nav.html.erb (0.4ms)
  Rendered shared/_search_modal.html.erb (0.4ms)
  Rendered shared/_main_content.html.erb (0.3ms)
  Rendered static_pages/index.html.erb within layouts/application (7.2ms)
Completed 200 OK in 38ms (Views: 37.1ms | ActiveRecord: 0.0ms)


Started GET "/" for ::1 at 2019-08-08 13:27:52 -0700
Processing by StaticPagesController#index as HTML
  Rendering static_pages/index.html.erb within layouts/application
  Rendered shared/_main_nav.html.erb (0.3ms)
  Rendered shared/_masthead.html.erb (0.4ms)
  Rendered shared/_sections_nav.html.erb (0.5ms)
  Rendered shared/_search_modal.html.erb (0.3ms)
  Rendered shared/_main_content.html.erb (0.3ms)
  Rendered static_pages/index.html.erb within layouts/application (8.3ms)
Completed 200 OK in 23ms (Views: 22.3ms | ActiveRecord: 0.0ms)


Started GET "/assets/application.self-1b2fb4033a32da421c68ec91f11456362ddef1eb8206474d3a39efbc14b86d59.css?body=1" for ::1 at 2019-08-08 13:27:52 -0700
Started GET "/assets/AA_Times_Logo.png" for ::1 at 2019-08-08 13:27:52 -0700
Started GET "/" for ::1 at 2019-08-08 13:29:15 -0700
Processing by StaticPagesController#index as HTML
Started GET "/" for ::1 at 2019-08-08 13:29:15 -0700
  Rendering static_pages/index.html.erb within layouts/application
  Rendered shared/_main_nav.html.erb (0.3ms)
Processing by StaticPagesController#index as HTML
  Rendered shared/_masthead.html.erb (0.4ms)
  Rendering static_pages/index.html.erb within layouts/application
  Rendered shared/_sections_nav.html.erb (0.4ms)
  Rendered shared/_main_nav.html.erb (0.5ms)
  Rendered shared/_search_modal.html.erb (0.3ms)
  Rendered shared/_masthead.html.erb (0.4ms)
  Rendered shared/_main_content.html.erb (0.3ms)
  Rendered shared/_sections_nav.html.erb (0.3ms)
  Rendered static_pages/index.html.erb within layouts/application (21.2ms)
  Rendered shared/_search_modal.html.erb (0.3ms)
  Rendered shared/_main_content.html.erb (0.5ms)
  Rendered static_pages/index.html.erb within layouts/application (16.3ms)
Completed 200 OK in 39ms (Views: 37.4ms | ActiveRecord: 0.0ms)


Completed 200 OK in 92ms (Views: 91.1ms | ActiveRecord: 0.0ms)


Started GET "/assets/AA_Times_Logo.png" for ::1 at 2019-08-08 13:29:15 -0700
Started GET "/assets/application.self-1b2fb4033a32da421c68ec91f11456362ddef1eb8206474d3a39efbc14b86d59.css?body=1&livereload=1565296316740" for ::1 at 2019-08-08 13:31:56 -0700
Started GET "/assets/application.self-1b2fb4033a32da421c68ec91f11456362ddef1eb8206474d3a39efbc14b86d59.css?body=1&livereload=1565296316742" for ::1 at 2019-08-08 13:31:56 -0700
Started GET "/assets/application.self-1b2fb4033a32da421c68ec91f11456362ddef1eb8206474d3a39efbc14b86d59.css?body=1&livereload=1565296400058" for ::1 at 2019-08-08 13:33:20 -0700
Started GET "/assets/application.self-1b2fb4033a32da421c68ec91f11456362ddef1eb8206474d3a39efbc14b86d59.css?body=1&livereload=1565296400060" for ::1 at 2019-08-08 13:33:20 -0700
Started GET "/assets/application.self-1b2fb4033a32da421c68ec91f11456362ddef1eb8206474d3a39efbc14b86d59.css?body=1&livereload=1565296433823" for ::1 at 2019-08-08 13:33:53 -0700
Started GET "/assets/application.self-1b2fb4033a32da421c68ec91f11456362ddef1eb8206474d3a39efbc14b86d59.css?body=1&livereload=1565296433828" for ::1 at 2019-08-08 13:33:53 -0700
Started GET "/assets/application.self-1b2fb4033a32da421c68ec91f11456362ddef1eb8206474d3a39efbc14b86d59.css?body=1&livereload=1565296437986" for ::1 at 2019-08-08 13:33:58 -0700
Started GET "/assets/application.self-1b2fb4033a32da421c68ec91f11456362ddef1eb8206474d3a39efbc14b86d59.css?body=1&livereload=1565296437987" for ::1 at 2019-08-08 13:33:58 -0700
Started GET "/assets/application.self-1b2fb4033a32da421c68ec91f11456362ddef1eb8206474d3a39efbc14b86d59.css?body=1&livereload=1565296459152" for ::1 at 2019-08-08 13:34:19 -0700
Started GET "/assets/application.self-1b2fb4033a32da421c68ec91f11456362ddef1eb8206474d3a39efbc14b86d59.css?body=1&livereload=1565296459154" for ::1 at 2019-08-08 13:34:19 -0700
Started GET "/assets/application.self-1b2fb4033a32da421c68ec91f11456362ddef1eb8206474d3a39efbc14b86d59.css?body=1&livereload=1565296472390" for ::1 at 2019-08-08 13:34:32 -0700
Started GET "/assets/application.self-1b2fb4033a32da421c68ec91f11456362ddef1eb8206474d3a39efbc14b86d59.css?body=1&livereload=1565296472391" for ::1 at 2019-08-08 13:34:32 -0700
Started GET "/" for ::1 at 2019-08-08 13:36:55 -0700
Processing by StaticPagesController#index as HTML
  Rendering static_pages/index.html.erb within layouts/application
  Rendered shared/_main_nav.html.erb (0.4ms)
  Rendered shared/_masthead.html.erb (0.6ms)
  Rendered shared/_sections_nav.html.erb (0.4ms)
  Rendered shared/_search_modal.html.erb (0.5ms)
  Rendered shared/_main_content.html.erb (0.3ms)
  Rendered static_pages/index.html.erb within layouts/application (7.2ms)
Completed 200 OK in 28ms (Views: 26.4ms | ActiveRecord: 0.0ms)


Started GET "/assets/application.self-277b53313bd17b1a70a34bdf08ebbaa8985e0b3c51a77bae03a64ca6eccfe0e9.css?body=1" for ::1 at 2019-08-08 13:36:55 -0700
Started GET "/assets/AA_Times_Logo.png" for ::1 at 2019-08-08 13:36:55 -0700
Started GET "/" for ::1 at 2019-08-08 13:43:26 -0700
Processing by StaticPagesController#index as HTML
  Rendering static_pages/index.html.erb within layouts/application
  Rendered shared/_main_nav.html.erb (0.3ms)
  Rendered shared/_masthead.html.erb (0.4ms)
  Rendered shared/_sections_nav.html.erb (0.3ms)
  Rendered shared/_search_modal.html.erb (0.3ms)
  Rendered shared/_main_content.html.erb (0.4ms)
  Rendered static_pages/index.html.erb within layouts/application (6.5ms)
Completed 200 OK in 28ms (Views: 27.2ms | ActiveRecord: 0.0ms)


Started GET "/assets/AA_Times_Logo.png" for ::1 at 2019-08-08 13:43:26 -0700
Started GET "/assets/application.self-277b53313bd17b1a70a34bdf08ebbaa8985e0b3c51a77bae03a64ca6eccfe0e9.css?body=1&livereload=1565297039514" for ::1 at 2019-08-08 13:43:59 -0700
Started GET "/assets/application.self-277b53313bd17b1a70a34bdf08ebbaa8985e0b3c51a77bae03a64ca6eccfe0e9.css?body=1&livereload=1565297039518" for ::1 at 2019-08-08 13:43:59 -0700
Started GET "/assets/application.self-277b53313bd17b1a70a34bdf08ebbaa8985e0b3c51a77bae03a64ca6eccfe0e9.css?body=1&livereload=1565297065114" for ::1 at 2019-08-08 13:44:25 -0700
Started GET "/assets/application.self-277b53313bd17b1a70a34bdf08ebbaa8985e0b3c51a77bae03a64ca6eccfe0e9.css?body=1&livereload=1565297065115" for ::1 at 2019-08-08 13:44:25 -0700
Started GET "/assets/application.self-277b53313bd17b1a70a34bdf08ebbaa8985e0b3c51a77bae03a64ca6eccfe0e9.css?body=1&livereload=1565297070850" for ::1 at 2019-08-08 13:44:30 -0700
Started GET "/assets/application.self-277b53313bd17b1a70a34bdf08ebbaa8985e0b3c51a77bae03a64ca6eccfe0e9.css?body=1&livereload=1565297070851" for ::1 at 2019-08-08 13:44:30 -0700
Started GET "/assets/application.self-277b53313bd17b1a70a34bdf08ebbaa8985e0b3c51a77bae03a64ca6eccfe0e9.css?body=1&livereload=1565297089809" for ::1 at 2019-08-08 13:44:49 -0700
Started GET "/assets/application.self-277b53313bd17b1a70a34bdf08ebbaa8985e0b3c51a77bae03a64ca6eccfe0e9.css?body=1&livereload=1565297089812" for ::1 at 2019-08-08 13:44:49 -0700
Started GET "/" for ::1 at 2019-08-08 13:45:56 -0700
Processing by StaticPagesController#index as HTML
  Rendering static_pages/index.html.erb within layouts/application
  Rendered shared/_main_nav.html.erb (0.4ms)
  Rendered shared/_masthead.html.erb (0.6ms)
  Rendered shared/_sections_nav.html.erb (0.5ms)
  Rendered shared/_search_modal.html.erb (0.3ms)
  Rendered shared/_main_content.html.erb (0.3ms)
  Rendered static_pages/index.html.erb within layouts/application (8.3ms)
Completed 200 OK in 24ms (Views: 23.1ms | ActiveRecord: 0.0ms)


Started GET "/assets/application.self-ccc680725596d2f113cebfab6eefec199c9e8e9b1484ed58f4c1906c95f951e4.css?body=1" for ::1 at 2019-08-08 13:45:56 -0700
Started GET "/assets/AA_Times_Logo.png" for ::1 at 2019-08-08 13:45:56 -0700
Started GET "/assets/application.self-ccc680725596d2f113cebfab6eefec199c9e8e9b1484ed58f4c1906c95f951e4.css?body=1&livereload=1565297212621" for ::1 at 2019-08-08 13:46:52 -0700
Started GET "/assets/application.self-ccc680725596d2f113cebfab6eefec199c9e8e9b1484ed58f4c1906c95f951e4.css?body=1&livereload=1565297212624" for ::1 at 2019-08-08 13:46:52 -0700
Started GET "/assets/application.self-ccc680725596d2f113cebfab6eefec199c9e8e9b1484ed58f4c1906c95f951e4.css?body=1&livereload=1565297295657" for ::1 at 2019-08-08 13:48:15 -0700
Started GET "/assets/application.self-ccc680725596d2f113cebfab6eefec199c9e8e9b1484ed58f4c1906c95f951e4.css?body=1&livereload=1565297295658" for ::1 at 2019-08-08 13:48:15 -0700
Started GET "/assets/application.self-ccc680725596d2f113cebfab6eefec199c9e8e9b1484ed58f4c1906c95f951e4.css?body=1&livereload=1565297341526" for ::1 at 2019-08-08 13:49:01 -0700
Started GET "/assets/application.self-ccc680725596d2f113cebfab6eefec199c9e8e9b1484ed58f4c1906c95f951e4.css?body=1&livereload=1565297341528" for ::1 at 2019-08-08 13:49:01 -0700
Started GET "/assets/application.self-ccc680725596d2f113cebfab6eefec199c9e8e9b1484ed58f4c1906c95f951e4.css?body=1&livereload=1565297356790" for ::1 at 2019-08-08 13:49:16 -0700
Started GET "/assets/application.self-ccc680725596d2f113cebfab6eefec199c9e8e9b1484ed58f4c1906c95f951e4.css?body=1&livereload=1565297356791" for ::1 at 2019-08-08 13:49:16 -0700
Started GET "/assets/application.self-ccc680725596d2f113cebfab6eefec199c9e8e9b1484ed58f4c1906c95f951e4.css?body=1&livereload=1565297368647" for ::1 at 2019-08-08 13:49:28 -0700
Started GET "/assets/application.self-ccc680725596d2f113cebfab6eefec199c9e8e9b1484ed58f4c1906c95f951e4.css?body=1&livereload=1565297368648" for ::1 at 2019-08-08 13:49:28 -0700
Started GET "/assets/application.self-ccc680725596d2f113cebfab6eefec199c9e8e9b1484ed58f4c1906c95f951e4.css?body=1&livereload=1565297383088" for ::1 at 2019-08-08 13:49:43 -0700
Started GET "/assets/application.self-ccc680725596d2f113cebfab6eefec199c9e8e9b1484ed58f4c1906c95f951e4.css?body=1&livereload=1565297383089" for ::1 at 2019-08-08 13:49:43 -0700
Started GET "/assets/application.self-ccc680725596d2f113cebfab6eefec199c9e8e9b1484ed58f4c1906c95f951e4.css?body=1&livereload=1565297395862" for ::1 at 2019-08-08 13:49:55 -0700
Started GET "/assets/application.self-ccc680725596d2f113cebfab6eefec199c9e8e9b1484ed58f4c1906c95f951e4.css?body=1&livereload=1565297395861" for ::1 at 2019-08-08 13:49:55 -0700
Started GET "/assets/application.self-ccc680725596d2f113cebfab6eefec199c9e8e9b1484ed58f4c1906c95f951e4.css?body=1&livereload=1565297470544" for ::1 at 2019-08-08 13:51:10 -0700
Started GET "/assets/application.self-ccc680725596d2f113cebfab6eefec199c9e8e9b1484ed58f4c1906c95f951e4.css?body=1&livereload=1565297470547" for ::1 at 2019-08-08 13:51:10 -0700
Started GET "/assets/application.self-ccc680725596d2f113cebfab6eefec199c9e8e9b1484ed58f4c1906c95f951e4.css?body=1&livereload=1565297476004" for ::1 at 2019-08-08 13:51:16 -0700
Started GET "/assets/application.self-ccc680725596d2f113cebfab6eefec199c9e8e9b1484ed58f4c1906c95f951e4.css?body=1&livereload=1565297476006" for ::1 at 2019-08-08 13:51:16 -0700
Started GET "/assets/application.self-ccc680725596d2f113cebfab6eefec199c9e8e9b1484ed58f4c1906c95f951e4.css?body=1&livereload=1565297480359" for ::1 at 2019-08-08 13:51:20 -0700
Started GET "/assets/application.self-ccc680725596d2f113cebfab6eefec199c9e8e9b1484ed58f4c1906c95f951e4.css?body=1&livereload=1565297480360" for ::1 at 2019-08-08 13:51:20 -0700
Started GET "/assets/application.self-ccc680725596d2f113cebfab6eefec199c9e8e9b1484ed58f4c1906c95f951e4.css?body=1&livereload=1565297517079" for ::1 at 2019-08-08 13:51:57 -0700
Started GET "/assets/application.self-ccc680725596d2f113cebfab6eefec199c9e8e9b1484ed58f4c1906c95f951e4.css?body=1&livereload=1565297517080" for ::1 at 2019-08-08 13:51:57 -0700
Started GET "/assets/application.self-ccc680725596d2f113cebfab6eefec199c9e8e9b1484ed58f4c1906c95f951e4.css?body=1&livereload=1565297523095" for ::1 at 2019-08-08 13:52:03 -0700
Started GET "/assets/application.self-ccc680725596d2f113cebfab6eefec199c9e8e9b1484ed58f4c1906c95f951e4.css?body=1&livereload=1565297523096" for ::1 at 2019-08-08 13:52:03 -0700
Started GET "/assets/application.self-ccc680725596d2f113cebfab6eefec199c9e8e9b1484ed58f4c1906c95f951e4.css?body=1&livereload=1565297528947" for ::1 at 2019-08-08 13:52:08 -0700
Started GET "/assets/application.self-ccc680725596d2f113cebfab6eefec199c9e8e9b1484ed58f4c1906c95f951e4.css?body=1&livereload=1565297528949" for ::1 at 2019-08-08 13:52:08 -0700
Started GET "/assets/application.self-ccc680725596d2f113cebfab6eefec199c9e8e9b1484ed58f4c1906c95f951e4.css?body=1&livereload=1565297689068" for ::1 at 2019-08-08 13:54:49 -0700
Started GET "/assets/application.self-ccc680725596d2f113cebfab6eefec199c9e8e9b1484ed58f4c1906c95f951e4.css?body=1&livereload=1565297689069" for ::1 at 2019-08-08 13:54:49 -0700
Started GET "/assets/application.self-ccc680725596d2f113cebfab6eefec199c9e8e9b1484ed58f4c1906c95f951e4.css?body=1&livereload=1565297769081" for ::1 at 2019-08-08 13:56:09 -0700
Started GET "/assets/application.self-ccc680725596d2f113cebfab6eefec199c9e8e9b1484ed58f4c1906c95f951e4.css?body=1&livereload=1565297769084" for ::1 at 2019-08-08 13:56:09 -0700
Started GET "/assets/application.self-ccc680725596d2f113cebfab6eefec199c9e8e9b1484ed58f4c1906c95f951e4.css?body=1&livereload=1565297783331" for ::1 at 2019-08-08 13:56:23 -0700
Started GET "/assets/application.self-ccc680725596d2f113cebfab6eefec199c9e8e9b1484ed58f4c1906c95f951e4.css?body=1&livereload=1565297783333" for ::1 at 2019-08-08 13:56:23 -0700
Started GET "/assets/application.self-ccc680725596d2f113cebfab6eefec199c9e8e9b1484ed58f4c1906c95f951e4.css?body=1&livereload=1565297788614" for ::1 at 2019-08-08 13:56:28 -0700
Started GET "/assets/application.self-ccc680725596d2f113cebfab6eefec199c9e8e9b1484ed58f4c1906c95f951e4.css?body=1&livereload=1565297788617" for ::1 at 2019-08-08 13:56:28 -0700
Started GET "/assets/application.self-ccc680725596d2f113cebfab6eefec199c9e8e9b1484ed58f4c1906c95f951e4.css?body=1&livereload=1565297800298" for ::1 at 2019-08-08 13:56:40 -0700
Started GET "/assets/application.self-ccc680725596d2f113cebfab6eefec199c9e8e9b1484ed58f4c1906c95f951e4.css?body=1&livereload=1565297800299" for ::1 at 2019-08-08 13:56:40 -0700
Started GET "/assets/application.self-ccc680725596d2f113cebfab6eefec199c9e8e9b1484ed58f4c1906c95f951e4.css?body=1&livereload=1565297806995" for ::1 at 2019-08-08 13:56:47 -0700
Started GET "/assets/application.self-ccc680725596d2f113cebfab6eefec199c9e8e9b1484ed58f4c1906c95f951e4.css?body=1&livereload=1565297806996" for ::1 at 2019-08-08 13:56:47 -0700
Started GET "/assets/application.self-ccc680725596d2f113cebfab6eefec199c9e8e9b1484ed58f4c1906c95f951e4.css?body=1&livereload=1565297832933" for ::1 at 2019-08-08 13:57:12 -0700
Started GET "/assets/application.self-ccc680725596d2f113cebfab6eefec199c9e8e9b1484ed58f4c1906c95f951e4.css?body=1&livereload=1565297832934" for ::1 at 2019-08-08 13:57:12 -0700
Started GET "/assets/application.self-ccc680725596d2f113cebfab6eefec199c9e8e9b1484ed58f4c1906c95f951e4.css?body=1&livereload=1565297839581" for ::1 at 2019-08-08 13:57:19 -0700
Started GET "/assets/application.self-ccc680725596d2f113cebfab6eefec199c9e8e9b1484ed58f4c1906c95f951e4.css?body=1&livereload=1565297839583" for ::1 at 2019-08-08 13:57:19 -0700
Started GET "/" for ::1 at 2019-08-08 13:57:26 -0700
Processing by StaticPagesController#index as HTML
  Rendering static_pages/index.html.erb within layouts/application
  Rendered shared/_main_nav.html.erb (0.6ms)
  Rendered shared/_masthead.html.erb (0.6ms)
  Rendered shared/_sections_nav.html.erb (0.4ms)
  Rendered shared/_search_modal.html.erb (0.4ms)
  Rendered shared/_main_content.html.erb (0.5ms)
  Rendered static_pages/index.html.erb within layouts/application (9.5ms)
Started GET "/" for ::1 at 2019-08-08 13:57:26 -0700
Processing by StaticPagesController#index as HTML
  Rendering static_pages/index.html.erb within layouts/application
  Rendered shared/_main_nav.html.erb (0.2ms)
  Rendered shared/_masthead.html.erb (0.3ms)
  Rendered shared/_sections_nav.html.erb (0.2ms)
Completed 200 OK in 53ms (Views: 52.7ms | ActiveRecord: 0.0ms)


  Rendered shared/_search_modal.html.erb (0.2ms)
  Rendered shared/_main_content.html.erb (0.3ms)
  Rendered static_pages/index.html.erb within layouts/application (8.8ms)
Completed 200 OK in 28ms (Views: 27.3ms | ActiveRecord: 0.0ms)


Started GET "/assets/application.self-917bca6d3c97851b328b494e89d2ab0e4a8f6d3a4437ae35340e5b2c34eb4596.css?body=1" for ::1 at 2019-08-08 13:57:26 -0700
Started GET "/assets/AA_Times_Logo.png" for ::1 at 2019-08-08 13:57:26 -0700
Started GET "/assets/application.self-917bca6d3c97851b328b494e89d2ab0e4a8f6d3a4437ae35340e5b2c34eb4596.css?body=1&livereload=1565297881715" for ::1 at 2019-08-08 13:58:01 -0700
Started GET "/assets/application.self-917bca6d3c97851b328b494e89d2ab0e4a8f6d3a4437ae35340e5b2c34eb4596.css?body=1&livereload=1565297881717" for ::1 at 2019-08-08 13:58:01 -0700
Started GET "/assets/application.self-917bca6d3c97851b328b494e89d2ab0e4a8f6d3a4437ae35340e5b2c34eb4596.css?body=1&livereload=1565297886527" for ::1 at 2019-08-08 13:58:06 -0700
Started GET "/assets/application.self-917bca6d3c97851b328b494e89d2ab0e4a8f6d3a4437ae35340e5b2c34eb4596.css?body=1&livereload=1565297886529" for ::1 at 2019-08-08 13:58:06 -0700
Started GET "/assets/application.self-917bca6d3c97851b328b494e89d2ab0e4a8f6d3a4437ae35340e5b2c34eb4596.css?body=1&livereload=1565297896982" for ::1 at 2019-08-08 13:58:16 -0700
Started GET "/assets/application.self-917bca6d3c97851b328b494e89d2ab0e4a8f6d3a4437ae35340e5b2c34eb4596.css?body=1&livereload=1565297896983" for ::1 at 2019-08-08 13:58:16 -0700
Started GET "/assets/application.self-917bca6d3c97851b328b494e89d2ab0e4a8f6d3a4437ae35340e5b2c34eb4596.css?body=1&livereload=1565297906228" for ::1 at 2019-08-08 13:58:26 -0700
Started GET "/assets/application.self-917bca6d3c97851b328b494e89d2ab0e4a8f6d3a4437ae35340e5b2c34eb4596.css?body=1&livereload=1565297906230" for ::1 at 2019-08-08 13:58:26 -0700
Started GET "/assets/application.self-917bca6d3c97851b328b494e89d2ab0e4a8f6d3a4437ae35340e5b2c34eb4596.css?body=1&livereload=1565297952552" for ::1 at 2019-08-08 13:59:12 -0700
Started GET "/assets/application.self-917bca6d3c97851b328b494e89d2ab0e4a8f6d3a4437ae35340e5b2c34eb4596.css?body=1&livereload=1565297952553" for ::1 at 2019-08-08 13:59:12 -0700
Started GET "/assets/application.self-917bca6d3c97851b328b494e89d2ab0e4a8f6d3a4437ae35340e5b2c34eb4596.css?body=1&livereload=1565297962414" for ::1 at 2019-08-08 13:59:22 -0700
Started GET "/assets/application.self-917bca6d3c97851b328b494e89d2ab0e4a8f6d3a4437ae35340e5b2c34eb4596.css?body=1&livereload=1565297962416" for ::1 at 2019-08-08 13:59:22 -0700
Started GET "/assets/application.self-917bca6d3c97851b328b494e89d2ab0e4a8f6d3a4437ae35340e5b2c34eb4596.css?body=1&livereload=1565297965758" for ::1 at 2019-08-08 13:59:25 -0700
Started GET "/assets/application.self-917bca6d3c97851b328b494e89d2ab0e4a8f6d3a4437ae35340e5b2c34eb4596.css?body=1&livereload=1565297965760" for ::1 at 2019-08-08 13:59:25 -0700
Started GET "/assets/application.self-917bca6d3c97851b328b494e89d2ab0e4a8f6d3a4437ae35340e5b2c34eb4596.css?body=1&livereload=1565298002450" for ::1 at 2019-08-08 14:00:02 -0700
Started GET "/assets/application.self-917bca6d3c97851b328b494e89d2ab0e4a8f6d3a4437ae35340e5b2c34eb4596.css?body=1&livereload=1565298002451" for ::1 at 2019-08-08 14:00:02 -0700
Started GET "/assets/application.self-917bca6d3c97851b328b494e89d2ab0e4a8f6d3a4437ae35340e5b2c34eb4596.css?body=1&livereload=1565298006545" for ::1 at 2019-08-08 14:00:06 -0700
Started GET "/assets/application.self-917bca6d3c97851b328b494e89d2ab0e4a8f6d3a4437ae35340e5b2c34eb4596.css?body=1&livereload=1565298006544" for ::1 at 2019-08-08 14:00:06 -0700
Started GET "/assets/application.self-917bca6d3c97851b328b494e89d2ab0e4a8f6d3a4437ae35340e5b2c34eb4596.css?body=1&livereload=1565298122173" for ::1 at 2019-08-08 14:02:02 -0700
Started GET "/assets/application.self-917bca6d3c97851b328b494e89d2ab0e4a8f6d3a4437ae35340e5b2c34eb4596.css?body=1&livereload=1565298122175" for ::1 at 2019-08-08 14:02:02 -0700
Started GET "/assets/application.self-917bca6d3c97851b328b494e89d2ab0e4a8f6d3a4437ae35340e5b2c34eb4596.css?body=1&livereload=1565298132354" for ::1 at 2019-08-08 14:02:12 -0700
Started GET "/assets/application.self-917bca6d3c97851b328b494e89d2ab0e4a8f6d3a4437ae35340e5b2c34eb4596.css?body=1&livereload=1565298132354&livereload=1565298132354" for ::1 at 2019-08-08 14:02:12 -0700
Started GET "/assets/application.self-917bca6d3c97851b328b494e89d2ab0e4a8f6d3a4437ae35340e5b2c34eb4596.css?body=1&livereload=1565298162252&livereload=1565298132354" for ::1 at 2019-08-08 14:02:42 -0700
Started GET "/assets/application.self-917bca6d3c97851b328b494e89d2ab0e4a8f6d3a4437ae35340e5b2c34eb4596.css?body=1&livereload=1565298162253&livereload=1565298132354" for ::1 at 2019-08-08 14:02:42 -0700
Started GET "/assets/application.self-917bca6d3c97851b328b494e89d2ab0e4a8f6d3a4437ae35340e5b2c34eb4596.css?body=1&livereload=1565298173742&livereload=1565298132354" for ::1 at 2019-08-08 14:02:53 -0700
Started GET "/assets/application.self-917bca6d3c97851b328b494e89d2ab0e4a8f6d3a4437ae35340e5b2c34eb4596.css?body=1&livereload=1565298173743&livereload=1565298132354" for ::1 at 2019-08-08 14:02:53 -0700
Started GET "/assets/application.self-917bca6d3c97851b328b494e89d2ab0e4a8f6d3a4437ae35340e5b2c34eb4596.css?body=1&livereload=1565298366083&livereload=1565298132354" for ::1 at 2019-08-08 14:06:06 -0700
Started GET "/assets/application.self-917bca6d3c97851b328b494e89d2ab0e4a8f6d3a4437ae35340e5b2c34eb4596.css?body=1&livereload=1565298366085&livereload=1565298132354" for ::1 at 2019-08-08 14:06:06 -0700
